<?xml version="1.0" encoding="UTF-8" ?>
<testsuite errors="0" failures="0" hostname="Rickys-MacBook-Pro.local" name="csudh.csc311.asg11.JedisIndexTest" skipped="0" tests="1" time="1.478" timestamp="2025-11-29T22:42:12">
  <properties>
[...]
</properties>
  <testcase classname="csudh.csc311.asg11.JedisIndexTest" name="testGetCounts" time="1.444" />
  <system-out><![CDATA[Indexing https://raw.githubusercontent.com/behollister/fixed-wiki-pages/main/Java_(programming_language)
Indexing https://raw.githubusercontent.com/behollister/fixed-wiki-pages/main/Programming_language
]]></system-out>
  <system-err><![CDATA[]]></system-err>
</testsuite>
